PushDemo/build/outputs/logs/manifest-merger-debug-report.txt
-- Merging decision tree log ---
manifest
ADDED from xiaojuzi\PushDemo\AndroidManifest.xml:2:1-52:12
	package
		ADDED from xiaojuzi\PushDemo\AndroidManifest.xml:3:5-40
		INJECTED from xiaojuzi\PushDemo\AndroidManifest.xml
		INJECTED from xiaojuzi\PushDemo\AndroidManifest.xml
	android:versionName
		ADDED from xiaojuzi\PushDemo\AndroidManifest.xml:5:5-30
		INJECTED from xiaojuzi\PushDemo\AndroidManifest.xml
		INJECTED from xiaojuzi\PushDemo\AndroidManifest.xml
	android:versionCode
		ADDED from xiaojuzi\PushDemo\AndroidManifest.xml:4:5-28
		INJECTED from xiaojuzi\PushDemo\AndroidManifest.xml
		INJECTED from xiaojuzi\PushDemo\AndroidManifest.xml
	xmlns:android
		ADDED from xiaojuzi\PushDemo\AndroidManifest.xml:2:11-69
uses-sdk
ADDED from xiaojuzi\PushDemo\AndroidManifest.xml:7:5-9:41
MERGED from [xiaojuzi:Pushlib:unspecified] AndroidManifest.xml:7:5-9:41
	android:targetSdkVersion
		ADDED from xiaojuzi\PushDemo\AndroidManifest.xml:9:9-38
		INJECTED from xiaojuzi\PushDemo\AndroidManifest.xml
		INJECTED from xiaojuzi\PushDemo\AndroidManifest.xml
	android:minSdkVersion
		ADDED from xiaojuzi\PushDemo\AndroidManifest.xml:8:9-34
		INJECTED from xiaojuzi\PushDemo\AndroidManifest.xml
		INJECTED from xiaojuzi\PushDemo\AndroidManifest.xml
application
ADDED from xiaojuzi\PushDemo\AndroidManifest.xml:11:5-50:19
MERGED from [xiaojuzi:Pushlib:unspecified] AndroidManifest.xml:36:5-141:19
	android:label
		ADDED from xiaojuzi\PushDemo\AndroidManifest.xml:15:9-41
	android:allowBackup
		ADDED from xiaojuzi\PushDemo\AndroidManifest.xml:13:9-35
	android:icon
		ADDED from xiaojuzi\PushDemo\AndroidManifest.xml:14:9-45
	android:theme
		ADDED from xiaojuzi\PushDemo\AndroidManifest.xml:16:9-40
	android:name
		ADDED from xiaojuzi\PushDemo\AndroidManifest.xml:12:9-63
activity#com.umeng.message.example.MainActivity
ADDED from xiaojuzi\PushDemo\AndroidManifest.xml:17:9-25:20
	android:label
		ADDED from xiaojuzi\PushDemo\AndroidManifest.xml:19:13-45
	android:name
		ADDED from xiaojuzi\PushDemo\AndroidManifest.xml:18:13-66
intent-filter#android.intent.action.MAIN+android.intent.category.LAUNCHER
ADDED from xiaojuzi\PushDemo\AndroidManifest.xml:20:13-24:29
action#android.intent.action.MAIN
ADDED from xiaojuzi\PushDemo\AndroidManifest.xml:21:17-69
	android:name
		ADDED from xiaojuzi\PushDemo\AndroidManifest.xml:21:25-66
category#android.intent.category.LAUNCHER
ADDED from xiaojuzi\PushDemo\AndroidManifest.xml:23:17-77
	android:name
		ADDED from xiaojuzi\PushDemo\AndroidManifest.xml:23:27-74
activity#com.umeng.message.example.TestActivity
ADDED from xiaojuzi\PushDemo\AndroidManifest.xml:26:9-75
	android:name
		ADDED from xiaojuzi\PushDemo\AndroidManifest.xml:26:19-72
activity#com.umeng.message.example.LocalNotificationActivity
ADDED from xiaojuzi\PushDemo\AndroidManifest.xml:27:9-88
	android:name
		ADDED from xiaojuzi\PushDemo\AndroidManifest.xml:27:19-85
activity#com.umeng.message.example.AddOrUpdateLocalNotificationActivity
ADDED from xiaojuzi\PushDemo\AndroidManifest.xml:28:9-99
	android:name
		ADDED from xiaojuzi\PushDemo\AndroidManifest.xml:28:19-96
service#com.umeng.message.example.MyPushIntentService
ADDED from xiaojuzi\PushDemo\AndroidManifest.xml:30:9-32:39
	android:process
		ADDED from xiaojuzi\PushDemo\AndroidManifest.xml:32:13-36
	android:name
		ADDED from xiaojuzi\PushDemo\AndroidManifest.xml:31:13-73
service#com.umeng.message.example.NotificationService
ADDED from xiaojuzi\PushDemo\AndroidManifest.xml:36:9-81
	android:name
		ADDED from xiaojuzi\PushDemo\AndroidManifest.xml:36:18-78
meta-data#UMENG_APPKEY
ADDED from xiaojuzi\PushDemo\AndroidManifest.xml:38:9-41:21
	android:value
		ADDED from xiaojuzi\PushDemo\AndroidManifest.xml:40:13-53
	android:name
		ADDED from xiaojuzi\PushDemo\AndroidManifest.xml:39:13-40
meta-data#UMENG_MESSAGE_SECRET
ADDED from xiaojuzi\PushDemo\AndroidManifest.xml:42:9-45:21
	android:value
		ADDED from xiaojuzi\PushDemo\AndroidManifest.xml:44:13-61
	android:name
		ADDED from xiaojuzi\PushDemo\AndroidManifest.xml:43:13-48
meta-data#UMENG_CHANNEL
ADDED from xiaojuzi\PushDemo\AndroidManifest.xml:46:9-49:21
	android:value
		ADDED from xiaojuzi\PushDemo\AndroidManifest.xml:48:13-34
	android:name
		ADDED from xiaojuzi\PushDemo\AndroidManifest.xml:47:13-41
uses-permission#android.permission.WRITE_SETTINGS
ADDED from [xiaojuzi:Pushlib:unspecified] AndroidManifest.xml:12:5-73
	android:name
		ADDED from [xiaojuzi:Pushlib:unspecified] AndroidManifest.xml:12:22-70
uses-permission#android.permission.INTERNET
ADDED from [xiaojuzi:Pushlib:unspecified] AndroidManifest.xml:13:5-67
	android:name
		ADDED from [xiaojuzi:Pushlib:unspecified] AndroidManifest.xml:13:22-64
uses-permission#android.permission.ACCESS_NETWORK_STATE
ADDED from [xiaojuzi:Pushlib:unspecified] AndroidManifest.xml:14:5-79
	android:name
		ADDED from [xiaojuzi:Pushlib:unspecified] AndroidManifest.xml:14:22-76
uses-permission#android.permission.ACCESS_WIFI_STATE
ADDED from [xiaojuzi:Pushlib:unspecified] AndroidManifest.xml:15:5-76
	android:name
		ADDED from [xiaojuzi:Pushlib:unspecified] AndroidManifest.xml:15:22-73
uses-permission#android.permission.WRITE_EXTERNAL_STORAGE
ADDED from [xiaojuzi:Pushlib:unspecified] AndroidManifest.xml:16:5-81
	android:name
		ADDED from [xiaojuzi:Pushlib:unspecified] AndroidManifest.xml:16:22-78
uses-permission#android.permission.WAKE_LOCK
ADDED from [xiaojuzi:Pushlib:unspecified] AndroidManifest.xml:17:5-68
	android:name
		ADDED from [xiaojuzi:Pushlib:unspecified] AndroidManifest.xml:17:22-65
uses-permission#android.permission.READ_PHONE_STATE
ADDED from [xiaojuzi:Pushlib:unspecified] AndroidManifest.xml:18:5-75
	android:name
		ADDED from [xiaojuzi:Pushlib:unspecified] AndroidManifest.xml:18:22-72
uses-permission#android.permission.CHANGE_NETWORK_STATE
ADDED from [xiaojuzi:Pushlib:unspecified] AndroidManifest.xml:19:5-79
	android:name
		ADDED from [xiaojuzi:Pushlib:unspecified] AndroidManifest.xml:19:22-76
uses-permission#android.permission.CHANGE_WIFI_STATE
ADDED from [xiaojuzi:Pushlib:unspecified] AndroidManifest.xml:20:5-76
	android:name
		ADDED from [xiaojuzi:Pushlib:unspecified] AndroidManifest.xml:20:22-73
uses-permission#android.permission.GET_TASKS
ADDED from [xiaojuzi:Pushlib:unspecified] AndroidManifest.xml:21:5-68
	android:name
		ADDED from [xiaojuzi:Pushlib:unspecified] AndroidManifest.xml:21:22-65
uses-permission#android.permission.RECEIVE_BOOT_COMPLETED
ADDED from [xiaojuzi:Pushlib:unspecified] AndroidManifest.xml:22:5-81
	android:name
		ADDED from [xiaojuzi:Pushlib:unspecified] AndroidManifest.xml:22:22-78
uses-permission#android.permission.BROADCAST_PACKAGE_ADDED
ADDED from [xiaojuzi:Pushlib:unspecified] AndroidManifest.xml:25:5-82
	android:name
		ADDED from [xiaojuzi:Pushlib:unspecified] AndroidManifest.xml:25:22-79
uses-permission#android.permission.BROADCAST_PACKAGE_CHANGED
ADDED from [xiaojuzi:Pushlib:unspecified] AndroidManifest.xml:26:5-84
	android:name
		ADDED from [xiaojuzi:Pushlib:unspecified] AndroidManifest.xml:26:22-81
uses-permission#android.permission.BROADCAST_PACKAGE_INSTALL
ADDED from [xiaojuzi:Pushlib:unspecified] AndroidManifest.xml:27:5-84
	android:name
		ADDED from [xiaojuzi:Pushlib:unspecified] AndroidManifest.xml:27:22-81
uses-permission#android.permission.BROADCAST_PACKAGE_REPLACED
ADDED from [xiaojuzi:Pushlib:unspecified] AndroidManifest.xml:28:5-85
	android:name
		ADDED from [xiaojuzi:Pushlib:unspecified] AndroidManifest.xml:28:22-82
uses-permission#android.permission.RESTART_PACKAGES
ADDED from [xiaojuzi:Pushlib:unspecified] AndroidManifest.xml:29:5-75
	android:name
		ADDED from [xiaojuzi:Pushlib:unspecified] AndroidManifest.xml:29:22-72
uses-permission#android.permission.GET_ACCOUNTS
ADDED from [xiaojuzi:Pushlib:unspecified] AndroidManifest.xml:30:5-71
	android:name
		ADDED from [xiaojuzi:Pushlib:unspecified] AndroidManifest.xml:30:22-68
uses-permission#android.permission.VIBRATE
ADDED from [xiaojuzi:Pushlib:unspecified] AndroidManifest.xml:31:5-66
	android:name
		ADDED from [xiaojuzi:Pushlib:unspecified] AndroidManifest.xml:31:22-63
uses-permission#android.permission.SEND_SMS
ADDED from [xiaojuzi:Pushlib:unspecified] AndroidManifest.xml:32:5-67
	android:name
		ADDED from [xiaojuzi:Pushlib:unspecified] AndroidManifest.xml:32:22-64
uses-permission#android.permission.RECEIVE_SMS
ADDED from [xiaojuzi:Pushlib:unspecified] AndroidManifest.xml:33:5-70
	android:name
		ADDED from [xiaojuzi:Pushlib:unspecified] AndroidManifest.xml:33:22-67
uses-permission#android.permission.READ_SMS
ADDED from [xiaojuzi:Pushlib:unspecified] AndroidManifest.xml:34:5-67
	android:name
		ADDED from [xiaojuzi:Pushlib:unspecified] AndroidManifest.xml:34:22-64
receiver#com.umeng.message.NotificationProxyBroadcastReceiver
ADDED from [xiaojuzi:Pushlib:unspecified] AndroidManifest.xml:37:9-40:20
	android:exported
		ADDED from [xiaojuzi:Pushlib:unspecified] AndroidManifest.xml:39:13-37
	android:name
		ADDED from [xiaojuzi:Pushlib:unspecified] AndroidManifest.xml:38:13-80
receiver#com.umeng.message.SystemReceiver
ADDED from [xiaojuzi:Pushlib:unspecified] AndroidManifest.xml:41:9-55:20
	android:process
		ADDED from [xiaojuzi:Pushlib:unspecified] AndroidManifest.xml:43:13-36
	android:name
		ADDED from [xiaojuzi:Pushlib:unspecified] AndroidManifest.xml:42:13-60
intent-filter#android.intent.action.BOOT_COMPLETED
ADDED from [xiaojuzi:Pushlib:unspecified] AndroidManifest.xml:44:13-46:29
action#android.intent.action.BOOT_COMPLETED
ADDED from [xiaojuzi:Pushlib:unspecified] AndroidManifest.xml:45:17-79
	android:name
		ADDED from [xiaojuzi:Pushlib:unspecified] AndroidManifest.xml:45:25-76
intent-filter#android.net.conn.CONNECTIVITY_CHANGE
ADDED from [xiaojuzi:Pushlib:unspecified] AndroidManifest.xml:47:13-49:29
action#android.net.conn.CONNECTIVITY_CHANGE
ADDED from [xiaojuzi:Pushlib:unspecified] AndroidManifest.xml:48:17-79
	android:name
		ADDED from [xiaojuzi:Pushlib:unspecified] AndroidManifest.xml:48:25-76
intent-filter#android.intent.action.PACKAGE_REMOVED
ADDED from [xiaojuzi:Pushlib:unspecified] AndroidManifest.xml:50:13-54:29
action#android.intent.action.PACKAGE_REMOVED
ADDED from [xiaojuzi:Pushlib:unspecified] AndroidManifest.xml:51:17-80
	android:name
		ADDED from [xiaojuzi:Pushlib:unspecified] AndroidManifest.xml:51:25-77
data
ADDED from [xiaojuzi:Pushlib:unspecified] AndroidManifest.xml:53:17-50
	android:scheme
		ADDED from [xiaojuzi:Pushlib:unspecified] AndroidManifest.xml:53:23-47
receiver#com.umeng.message.MessageReceiver
ADDED from [xiaojuzi:Pushlib:unspecified] AndroidManifest.xml:56:9-63:20
	android:process
		ADDED from [xiaojuzi:Pushlib:unspecified] AndroidManifest.xml:59:13-36
	android:exported
		ADDED from [xiaojuzi:Pushlib:unspecified] AndroidManifest.xml:58:13-37
	android:name
		ADDED from [xiaojuzi:Pushlib:unspecified] AndroidManifest.xml:57:13-61
intent-filter#org.agoo.android.intent.action.RECEIVE
ADDED from [xiaojuzi:Pushlib:unspecified] AndroidManifest.xml:60:13-62:29
action#org.agoo.android.intent.action.RECEIVE
ADDED from [xiaojuzi:Pushlib:unspecified] AndroidManifest.xml:61:17-81
	android:name
		ADDED from [xiaojuzi:Pushlib:unspecified] AndroidManifest.xml:61:25-78
receiver#com.umeng.message.ElectionReceiver
ADDED from [xiaojuzi:Pushlib:unspecified] AndroidManifest.xml:64:9-72:20
	android:process
		ADDED from [xiaojuzi:Pushlib:unspecified] AndroidManifest.xml:66:13-36
	android:name
		ADDED from [xiaojuzi:Pushlib:unspecified] AndroidManifest.xml:65:13-62
intent-filter#org.agoo.android.intent.action.ELECTION_RESULT_V4+umeng
ADDED from [xiaojuzi:Pushlib:unspecified] AndroidManifest.xml:67:13-71:29
action#org.agoo.android.intent.action.ELECTION_RESULT_V4
ADDED from [xiaojuzi:Pushlib:unspecified] AndroidManifest.xml:68:17-92
	android:name
		ADDED from [xiaojuzi:Pushlib:unspecified] AndroidManifest.xml:68:25-89
category#umeng
ADDED from [xiaojuzi:Pushlib:unspecified] AndroidManifest.xml:70:17-50
	android:name
		ADDED from [xiaojuzi:Pushlib:unspecified] AndroidManifest.xml:70:27-47
receiver#com.umeng.message.RegistrationReceiver
ADDED from [xiaojuzi:Pushlib:unspecified] AndroidManifest.xml:73:9-79:20
	android:exported
		ADDED from [xiaojuzi:Pushlib:unspecified] AndroidManifest.xml:75:13-37
	android:name
		ADDED from [xiaojuzi:Pushlib:unspecified] AndroidManifest.xml:74:13-66
intent-filter#${applicationId}.intent.action.COMMAND
ADDED from [xiaojuzi:Pushlib:unspecified] AndroidManifest.xml:76:13-78:29
action#${applicationId}.intent.action.COMMAND
ADDED from [xiaojuzi:Pushlib:unspecified] AndroidManifest.xml:77:17-81
	android:name
		ADDED from [xiaojuzi:Pushlib:unspecified] AndroidManifest.xml:77:25-78
receiver#com.umeng.message.UmengMessageBootReceiver
ADDED from [xiaojuzi:Pushlib:unspecified] AndroidManifest.xml:80:9-84:20
	android:name
		ADDED from [xiaojuzi:Pushlib:unspecified] AndroidManifest.xml:80:19-76
service#com.umeng.message.UmengService
ADDED from [xiaojuzi:Pushlib:unspecified] AndroidManifest.xml:86:9-102:19
	android:process
		ADDED from [xiaojuzi:Pushlib:unspecified] AndroidManifest.xml:90:13-36
	android:label
		ADDED from [xiaojuzi:Pushlib:unspecified] AndroidManifest.xml:89:13-40
	android:exported
		ADDED from [xiaojuzi:Pushlib:unspecified] AndroidManifest.xml:88:13-36
	android:name
		ADDED from [xiaojuzi:Pushlib:unspecified] AndroidManifest.xml:87:13-58
intent-filter#${applicationId}.intent.action.START
ADDED from [xiaojuzi:Pushlib:unspecified] AndroidManifest.xml:91:13-93:29
action#${applicationId}.intent.action.START
ADDED from [xiaojuzi:Pushlib:unspecified] AndroidManifest.xml:92:17-79
	android:name
		ADDED from [xiaojuzi:Pushlib:unspecified] AndroidManifest.xml:92:25-76
intent-filter#${applicationId}.intent.action.COCKROACH
ADDED from [xiaojuzi:Pushlib:unspecified] AndroidManifest.xml:94:13-96:29
action#${applicationId}.intent.action.COCKROACH
ADDED from [xiaojuzi:Pushlib:unspecified] AndroidManifest.xml:95:17-83
	android:name
		ADDED from [xiaojuzi:Pushlib:unspecified] AndroidManifest.xml:95:25-80
intent-filter#org.agoo.android.intent.action.PING_V4+umeng
ADDED from [xiaojuzi:Pushlib:unspecified] AndroidManifest.xml:97:13-101:29
action#org.agoo.android.intent.action.PING_V4
ADDED from [xiaojuzi:Pushlib:unspecified] AndroidManifest.xml:98:17-81
	android:name
		ADDED from [xiaojuzi:Pushlib:unspecified] AndroidManifest.xml:98:25-78
service#com.umeng.message.UmengIntentService
ADDED from [xiaojuzi:Pushlib:unspecified] AndroidManifest.xml:103:9-105:39
	android:process
		ADDED from [xiaojuzi:Pushlib:unspecified] AndroidManifest.xml:105:13-36
	android:name
		ADDED from [xiaojuzi:Pushlib:unspecified] AndroidManifest.xml:104:13-64
service#com.umeng.message.UmengMessageIntentReceiverService
ADDED from [xiaojuzi:Pushlib:unspecified] AndroidManifest.xml:106:9-116:19
	android:process
		ADDED from [xiaojuzi:Pushlib:unspecified] AndroidManifest.xml:109:13-36
	android:exported
		ADDED from [xiaojuzi:Pushlib:unspecified] AndroidManifest.xml:108:13-36
	android:name
		ADDED from [xiaojuzi:Pushlib:unspecified] AndroidManifest.xml:107:13-79
intent-filter#org.android.agoo.client.MessageReceiverService
ADDED from [xiaojuzi:Pushlib:unspecified] AndroidManifest.xml:110:13-112:29
action#org.android.agoo.client.MessageReceiverService
ADDED from [xiaojuzi:Pushlib:unspecified] AndroidManifest.xml:111:17-89
	android:name
		ADDED from [xiaojuzi:Pushlib:unspecified] AndroidManifest.xml:111:25-86
intent-filter#org.android.agoo.client.ElectionReceiverService
ADDED from [xiaojuzi:Pushlib:unspecified] AndroidManifest.xml:113:13-115:29
action#org.android.agoo.client.ElectionReceiverService
ADDED from [xiaojuzi:Pushlib:unspecified] AndroidManifest.xml:114:17-90
	android:name
		ADDED from [xiaojuzi:Pushlib:unspecified] AndroidManifest.xml:114:25-87
service#com.umeng.message.UmengMessageCallbackHandlerService
ADDED from [xiaojuzi:Pushlib:unspecified] AndroidManifest.xml:117:9-132:19
	android:exported
		ADDED from [xiaojuzi:Pushlib:unspecified] AndroidManifest.xml:119:13-37
	android:name
		ADDED from [xiaojuzi:Pushlib:unspecified] AndroidManifest.xml:118:13-80
intent-filter#com.umeng.messge.registercallback.action
ADDED from [xiaojuzi:Pushlib:unspecified] AndroidManifest.xml:120:13-122:29
action#com.umeng.messge.registercallback.action
ADDED from [xiaojuzi:Pushlib:unspecified] AndroidManifest.xml:121:17-83
	android:name
		ADDED from [xiaojuzi:Pushlib:unspecified] AndroidManifest.xml:121:25-80
intent-filter#com.umeng.message.unregistercallback.action
ADDED from [xiaojuzi:Pushlib:unspecified] AndroidManifest.xml:123:13-125:29
action#com.umeng.message.unregistercallback.action
ADDED from [xiaojuzi:Pushlib:unspecified] AndroidManifest.xml:124:17-86
	android:name
		ADDED from [xiaojuzi:Pushlib:unspecified] AndroidManifest.xml:124:25-83
intent-filter#com.umeng.message.message.handler.action
ADDED from [xiaojuzi:Pushlib:unspecified] AndroidManifest.xml:126:13-128:29
action#com.umeng.message.message.handler.action
ADDED from [xiaojuzi:Pushlib:unspecified] AndroidManifest.xml:127:17-83
	android:name
		ADDED from [xiaojuzi:Pushlib:unspecified] AndroidManifest.xml:127:25-80
intent-filter#com.umeng.message.autoupdate.handler.action
ADDED from [xiaojuzi:Pushlib:unspecified] AndroidManifest.xml:129:13-131:29
action#com.umeng.message.autoupdate.handler.action
ADDED from [xiaojuzi:Pushlib:unspecified] AndroidManifest.xml:130:17-86
	android:name
		ADDED from [xiaojuzi:Pushlib:unspecified] AndroidManifest.xml:130:25-83
service#com.umeng.message.UmengDownloadResourceService
ADDED from [xiaojuzi:Pushlib:unspecified] AndroidManifest.xml:135:9-137:40
	android:exported
		ADDED from [xiaojuzi:Pushlib:unspecified] AndroidManifest.xml:137:13-37
	android:name
		ADDED from [xiaojuzi:Pushlib:unspecified] AndroidManifest.xml:136:13-74
service#com.umeng.message.local.UmengLocalNotificationService
ADDED from [xiaojuzi:Pushlib:unspecified] AndroidManifest.xml:138:9-140:40
	android:exported
		ADDED from [xiaojuzi:Pushlib:unspecified] AndroidManifest.xml:140:13-37
	android:name
		ADDED from [xiaojuzi:Pushlib:unspecified] AndroidManifest.xml:139:13-81